e:\github\learndx\engine\directengine\engine2\engine\engine\debug\vc120.pdb
e:\github\learndx\engine\directengine\engine2\engine\engine\debug\vc120.idb
e:\github\learndx\engine\directengine\engine2\engine\engine\debug\cameraclass.obj
e:\github\learndx\engine\directengine\engine2\engine\engine\debug\cpuclass.obj
e:\github\learndx\engine\directengine\engine2\engine\engine\debug\d3dclass.obj
e:\github\learndx\engine\directengine\engine2\engine\engine\debug\fontclass.obj
e:\github\learndx\engine\directengine\engine2\engine\engine\debug\fontshaderclass.obj
e:\github\learndx\engine\directengine\engine2\engine\engine\debug\fpsclass.obj
e:\github\learndx\engine\directengine\engine2\engine\engine\debug\graphicsclass.obj
e:\github\learndx\engine\directengine\engine2\engine\engine\debug\inputclass.obj
e:\github\learndx\engine\directengine\engine2\engine\engine\debug\main.obj
e:\github\learndx\engine\directengine\engine2\engine\engine\debug\systemclass.obj
e:\github\learndx\engine\directengine\engine2\engine\engine\debug\textclass.obj
e:\github\learndx\engine\directengine\engine2\engine\engine\debug\textureclass.obj
e:\github\learndx\engine\directengine\engine2\engine\engine\debug\timerclass.obj
e:\github\learndx\engine\directengine\engine2\engine\debug\engine.ilk
e:\github\learndx\engine\directengine\engine2\engine\debug\engine.exe
e:\github\learndx\engine\directengine\engine2\engine\debug\engine.pdb
e:\github\learndx\engine\directengine\engine2\engine\engine\debug\engine.tlog\cl.command.1.tlog
e:\github\learndx\engine\directengine\engine2\engine\engine\debug\engine.tlog\cl.read.1.tlog
e:\github\learndx\engine\directengine\engine2\engine\engine\debug\engine.tlog\cl.write.1.tlog
e:\github\learndx\engine\directengine\engine2\engine\engine\debug\engine.tlog\link.command.1.tlog
e:\github\learndx\engine\directengine\engine2\engine\engine\debug\engine.tlog\link.read.1.tlog
e:\github\learndx\engine\directengine\engine2\engine\engine\debug\engine.tlog\link.write.1.tlog
